{"/Users/piotr/Desktop/oop/ts_oop/adressBook/src/components/AddressBook/AddressBook.ts": {"path":"/Users/piotr/Desktop/oop/ts_oop/adressBook/src/components/AddressBook/AddressBook.ts","statementMap":{"0":{"start":{"line":5,"column":0},"end":{"line":5,"column":51}},"1":{"start":{"line":10,"column":0},"end":{"line":10,"column":13}},"2":{"start":{"line":14,"column":8},"end":{"line":14,"column":33}},"3":{"start":{"line":15,"column":8},"end":{"line":15,"column":31}},"4":{"start":{"line":18,"column":4},"end":{"line":28,"column":null}},"5":{"start":{"line":18,"column":4},"end":{"line":18,"column":15}},"6":{"start":{"line":18,"column":16},"end":{"line":18,"column":51}},"7":{"start":{"line":19,"column":8},"end":{"line":19,"column":99}},"8":{"start":{"line":19,"column":42},"end":{"line":19,"column":99}},"9":{"start":{"line":20,"column":8},"end":{"line":27,"column":null}},"10":{"start":{"line":21,"column":43},"end":{"line":21,"column":117}},"11":{"start":{"line":21,"column":83},"end":{"line":21,"column":117}},"12":{"start":{"line":22,"column":12},"end":{"line":26,"column":null}},"13":{"start":{"line":23,"column":16},"end":{"line":23,"column":null}},"14":{"start":{"line":25,"column":16},"end":{"line":25,"column":50}},"15":{"start":{"line":30,"column":4},"end":{"line":36,"column":null}},"16":{"start":{"line":31,"column":43},"end":{"line":31,"column":108}},"17":{"start":{"line":31,"column":75},"end":{"line":31,"column":108}},"18":{"start":{"line":32,"column":8},"end":{"line":34,"column":null}},"19":{"start":{"line":33,"column":12},"end":{"line":33,"column":null}},"20":{"start":{"line":35,"column":8},"end":{"line":35,"column":null}},"21":{"start":{"line":38,"column":4},"end":{"line":44,"column":null}},"22":{"start":{"line":39,"column":52},"end":{"line":39,"column":117}},"23":{"start":{"line":39,"column":84},"end":{"line":39,"column":117}},"24":{"start":{"line":40,"column":8},"end":{"line":40,"column":null}},"25":{"start":{"line":40,"column":74},"end":{"line":40,"column":112}},"26":{"start":{"line":41,"column":61},"end":{"line":41,"column":137}},"27":{"start":{"line":41,"column":103},"end":{"line":41,"column":137}},"28":{"start":{"line":42,"column":8},"end":{"line":42,"column":null}},"29":{"start":{"line":42,"column":60},"end":{"line":42,"column":100}},"30":{"start":{"line":43,"column":8},"end":{"line":43,"column":44}},"31":{"start":{"line":46,"column":4},"end":{"line":51,"column":null}},"32":{"start":{"line":47,"column":8},"end":{"line":47,"column":null}},"33":{"start":{"line":47,"column":31},"end":{"line":47,"column":null}},"34":{"start":{"line":48,"column":8},"end":{"line":50,"column":null}},"35":{"start":{"line":49,"column":12},"end":{"line":49,"column":110}},"36":{"start":{"line":53,"column":4},"end":{"line":61,"column":null}},"37":{"start":{"line":53,"column":4},"end":{"line":53,"column":18}},"38":{"start":{"line":53,"column":19},"end":{"line":53,"column":54}},"39":{"start":{"line":54,"column":8},"end":{"line":54,"column":98}},"40":{"start":{"line":54,"column":42},"end":{"line":54,"column":98}},"41":{"start":{"line":55,"column":8},"end":{"line":60,"column":null}},"42":{"start":{"line":56,"column":47},"end":{"line":56,"column":128}},"43":{"start":{"line":56,"column":93},"end":{"line":56,"column":128}},"44":{"start":{"line":57,"column":12},"end":{"line":57,"column":null}},"45":{"start":{"line":57,"column":51},"end":{"line":57,"column":null}},"46":{"start":{"line":58,"column":12},"end":{"line":58,"column":70}},"47":{"start":{"line":59,"column":12},"end":{"line":59,"column":null}},"48":{"start":{"line":59,"column":54},"end":{"line":59,"column":114}},"49":{"start":{"line":63,"column":4},"end":{"line":67,"column":null}},"50":{"start":{"line":64,"column":33},"end":{"line":64,"column":113}},"51":{"start":{"line":64,"column":75},"end":{"line":64,"column":113}},"52":{"start":{"line":65,"column":8},"end":{"line":65,"column":null}},"53":{"start":{"line":65,"column":37},"end":{"line":65,"column":null}},"54":{"start":{"line":66,"column":8},"end":{"line":66,"column":54}},"55":{"start":{"line":69,"column":4},"end":{"line":81,"column":null}},"56":{"start":{"line":70,"column":8},"end":{"line":70,"column":39}},"57":{"start":{"line":71,"column":35},"end":{"line":71,"column":114}},"58":{"start":{"line":71,"column":80},"end":{"line":71,"column":114}},"59":{"start":{"line":72,"column":8},"end":{"line":72,"column":101}},"60":{"start":{"line":72,"column":39},"end":{"line":72,"column":101}},"61":{"start":{"line":73,"column":8},"end":{"line":80,"column":null}},"62":{"start":{"line":74,"column":12},"end":{"line":74,"column":65}},"63":{"start":{"line":75,"column":15},"end":{"line":80,"column":null}},"64":{"start":{"line":76,"column":12},"end":{"line":76,"column":68}},"65":{"start":{"line":78,"column":12},"end":{"line":78,"column":42}},"66":{"start":{"line":79,"column":12},"end":{"line":79,"column":66}},"67":{"start":{"line":83,"column":4},"end":{"line":88,"column":null}},"68":{"start":{"line":84,"column":8},"end":{"line":84,"column":39}},"69":{"start":{"line":85,"column":40},"end":{"line":85,"column":120}},"70":{"start":{"line":85,"column":82},"end":{"line":85,"column":120}},"71":{"start":{"line":86,"column":8},"end":{"line":86,"column":118}},"72":{"start":{"line":86,"column":44},"end":{"line":86,"column":118}},"73":{"start":{"line":87,"column":8},"end":{"line":87,"column":64}},"74":{"start":{"line":90,"column":0},"end":{"line":90,"column":null}},"75":{"start":{"line":10,"column":13},"end":{"line":10,"column":24}}},"fnMap":{"0":{"name":"(anonymous_0)","decl":{"start":{"line":10,"column":0},"end":{"line":10,"column":13}},"loc":{"start":{"line":10,"column":0},"end":{"line":90,"column":null}}},"1":{"name":"AddressBook","decl":{"start":{"line":13,"column":4},"end":{"line":13,"column":null}},"loc":{"start":{"line":13,"column":4},"end":{"line":16,"column":5}}},"2":{"name":"(anonymous_2)","decl":{"start":{"line":18,"column":4},"end":{"line":18,"column":15}},"loc":{"start":{"line":18,"column":4},"end":{"line":28,"column":5}}},"3":{"name":"(anonymous_3)","decl":{"start":{"line":20,"column":32},"end":{"line":20,"column":39}},"loc":{"start":{"line":20,"column":39},"end":{"line":27,"column":9}}},"4":{"name":"(anonymous_4)","decl":{"start":{"line":21,"column":68},"end":{"line":21,"column":79}},"loc":{"start":{"line":21,"column":79},"end":{"line":21,"column":94}}},"5":{"name":"(anonymous_5)","decl":{"start":{"line":30,"column":4},"end":{"line":30,"column":13}},"loc":{"start":{"line":30,"column":41},"end":{"line":36,"column":5}}},"6":{"name":"(anonymous_6)","decl":{"start":{"line":31,"column":66},"end":{"line":31,"column":71}},"loc":{"start":{"line":31,"column":71},"end":{"line":31,"column":80}}},"7":{"name":"(anonymous_7)","decl":{"start":{"line":38,"column":4},"end":{"line":38,"column":21}},"loc":{"start":{"line":38,"column":68},"end":{"line":44,"column":5}}},"8":{"name":"(anonymous_8)","decl":{"start":{"line":39,"column":75},"end":{"line":39,"column":80}},"loc":{"start":{"line":39,"column":80},"end":{"line":39,"column":89}}},"9":{"name":"(anonymous_9)","decl":{"start":{"line":41,"column":88},"end":{"line":41,"column":99}},"loc":{"start":{"line":41,"column":99},"end":{"line":41,"column":114}}},"10":{"name":"(anonymous_10)","decl":{"start":{"line":46,"column":4},"end":{"line":46,"column":27}},"loc":{"start":{"line":46,"column":42},"end":{"line":51,"column":5}}},"11":{"name":"(anonymous_11)","decl":{"start":{"line":48,"column":42},"end":{"line":48,"column":49}},"loc":{"start":{"line":48,"column":49},"end":{"line":50,"column":9}}},"12":{"name":"(anonymous_12)","decl":{"start":{"line":53,"column":4},"end":{"line":53,"column":18}},"loc":{"start":{"line":53,"column":4},"end":{"line":61,"column":5}}},"13":{"name":"(anonymous_13)","decl":{"start":{"line":55,"column":32},"end":{"line":55,"column":39}},"loc":{"start":{"line":55,"column":39},"end":{"line":60,"column":9}}},"14":{"name":"(anonymous_14)","decl":{"start":{"line":56,"column":77},"end":{"line":56,"column":89}},"loc":{"start":{"line":56,"column":89},"end":{"line":56,"column":105}}},"15":{"name":"(anonymous_15)","decl":{"start":{"line":59,"column":38},"end":{"line":59,"column":50}},"loc":{"start":{"line":59,"column":50},"end":{"line":59,"column":66}}},"16":{"name":"(anonymous_16)","decl":{"start":{"line":63,"column":4},"end":{"line":63,"column":15}},"loc":{"start":{"line":63,"column":43},"end":{"line":67,"column":5}}},"17":{"name":"(anonymous_17)","decl":{"start":{"line":64,"column":61},"end":{"line":64,"column":71}},"loc":{"start":{"line":64,"column":71},"end":{"line":64,"column":85}}},"18":{"name":"(anonymous_18)","decl":{"start":{"line":69,"column":4},"end":{"line":69,"column":17}},"loc":{"start":{"line":69,"column":77},"end":{"line":81,"column":5}}},"19":{"name":"(anonymous_19)","decl":{"start":{"line":71,"column":65},"end":{"line":71,"column":76}},"loc":{"start":{"line":71,"column":76},"end":{"line":71,"column":91}}},"20":{"name":"(anonymous_20)","decl":{"start":{"line":83,"column":4},"end":{"line":83,"column":19}},"loc":{"start":{"line":83,"column":62},"end":{"line":88,"column":5}}},"21":{"name":"(anonymous_21)","decl":{"start":{"line":85,"column":68},"end":{"line":85,"column":78}},"loc":{"start":{"line":85,"column":78},"end":{"line":85,"column":92}}}},"branchMap":{"0":{"loc":{"start":{"line":19,"column":8},"end":{"line":19,"column":99}},"type":"if","locations":[{"start":{"line":19,"column":8},"end":{"line":19,"column":99}},{"start":{"line":19,"column":8},"end":{"line":19,"column":99}}]},"1":{"loc":{"start":{"line":22,"column":12},"end":{"line":26,"column":null}},"type":"if","locations":[{"start":{"line":22,"column":12},"end":{"line":26,"column":null}},{"start":{"line":22,"column":12},"end":{"line":26,"column":null}}]},"2":{"loc":{"start":{"line":32,"column":8},"end":{"line":34,"column":null}},"type":"if","locations":[{"start":{"line":32,"column":8},"end":{"line":34,"column":null}},{"start":{"line":32,"column":8},"end":{"line":34,"column":null}}]},"3":{"loc":{"start":{"line":40,"column":8},"end":{"line":40,"column":null}},"type":"if","locations":[{"start":{"line":40,"column":8},"end":{"line":40,"column":null}},{"start":{"line":40,"column":8},"end":{"line":40,"column":null}}]},"4":{"loc":{"start":{"line":42,"column":8},"end":{"line":42,"column":null}},"type":"if","locations":[{"start":{"line":42,"column":8},"end":{"line":42,"column":null}},{"start":{"line":42,"column":8},"end":{"line":42,"column":null}}]},"5":{"loc":{"start":{"line":47,"column":8},"end":{"line":47,"column":null}},"type":"if","locations":[{"start":{"line":47,"column":8},"end":{"line":47,"column":null}},{"start":{"line":47,"column":8},"end":{"line":47,"column":null}}]},"6":{"loc":{"start":{"line":54,"column":8},"end":{"line":54,"column":98}},"type":"if","locations":[{"start":{"line":54,"column":8},"end":{"line":54,"column":98}},{"start":{"line":54,"column":8},"end":{"line":54,"column":98}}]},"7":{"loc":{"start":{"line":57,"column":12},"end":{"line":57,"column":null}},"type":"if","locations":[{"start":{"line":57,"column":12},"end":{"line":57,"column":null}},{"start":{"line":57,"column":12},"end":{"line":57,"column":null}}]},"8":{"loc":{"start":{"line":65,"column":8},"end":{"line":65,"column":null}},"type":"if","locations":[{"start":{"line":65,"column":8},"end":{"line":65,"column":null}},{"start":{"line":65,"column":8},"end":{"line":65,"column":null}}]},"9":{"loc":{"start":{"line":72,"column":8},"end":{"line":72,"column":101}},"type":"if","locations":[{"start":{"line":72,"column":8},"end":{"line":72,"column":101}},{"start":{"line":72,"column":8},"end":{"line":72,"column":101}}]},"10":{"loc":{"start":{"line":73,"column":8},"end":{"line":80,"column":null}},"type":"if","locations":[{"start":{"line":73,"column":8},"end":{"line":80,"column":null}},{"start":{"line":73,"column":8},"end":{"line":80,"column":null}}]},"11":{"loc":{"start":{"line":75,"column":15},"end":{"line":80,"column":null}},"type":"if","locations":[{"start":{"line":75,"column":15},"end":{"line":80,"column":null}},{"start":{"line":75,"column":15},"end":{"line":80,"column":null}}]},"12":{"loc":{"start":{"line":86,"column":8},"end":{"line":86,"column":118}},"type":"if","locations":[{"start":{"line":86,"column":8},"end":{"line":86,"column":118}},{"start":{"line":86,"column":8},"end":{"line":86,"column":118}}]}},"s":{"0":2,"1":2,"2":18,"3":18,"4":2,"5":12,"6":39,"7":12,"8":1,"9":11,"10":15,"11":6,"12":15,"13":1,"14":14,"15":2,"16":9,"17":2,"18":9,"19":1,"20":8,"21":2,"22":9,"23":6,"24":9,"25":3,"26":9,"27":5,"28":9,"29":1,"30":8,"31":2,"32":1,"33":1,"34":0,"35":0,"36":2,"37":4,"38":12,"39":4,"40":1,"41":3,"42":4,"43":5,"44":4,"45":1,"46":3,"47":3,"48":1,"49":2,"50":4,"51":4,"52":4,"53":1,"54":3,"55":2,"56":5,"57":5,"58":5,"59":5,"60":1,"61":4,"62":2,"63":2,"64":1,"65":1,"66":1,"67":2,"68":3,"69":3,"70":3,"71":3,"72":1,"73":2,"74":2,"75":2},"f":{"0":2,"1":18,"2":12,"3":15,"4":6,"5":9,"6":2,"7":9,"8":6,"9":5,"10":1,"11":0,"12":4,"13":4,"14":5,"15":1,"16":4,"17":4,"18":5,"19":5,"20":3,"21":3},"b":{"0":[1,11],"1":[1,14],"2":[1,8],"3":[3,6],"4":[1,8],"5":[1,0],"6":[1,3],"7":[1,3],"8":[1,3],"9":[1,4],"10":[2,2],"11":[1,1],"12":[1,2]}}
,"/Users/piotr/Desktop/oop/ts_oop/adressBook/src/components/Contact/Contact.ts": {"path":"/Users/piotr/Desktop/oop/ts_oop/adressBook/src/components/Contact/Contact.ts","statementMap":{"0":{"start":{"line":1,"column":0},"end":{"line":1,"column":null}},"1":{"start":{"line":6,"column":0},"end":{"line":6,"column":50}},"2":{"start":{"line":9,"column":0},"end":{"line":9,"column":13}},"3":{"start":{"line":17,"column":8},"end":{"line":17,"column":null}},"4":{"start":{"line":18,"column":8},"end":{"line":18,"column":null}},"5":{"start":{"line":19,"column":8},"end":{"line":19,"column":null}},"6":{"start":{"line":21,"column":8},"end":{"line":21,"column":29}},"7":{"start":{"line":22,"column":8},"end":{"line":22,"column":25}},"8":{"start":{"line":23,"column":8},"end":{"line":23,"column":31}},"9":{"start":{"line":24,"column":8},"end":{"line":24,"column":27}},"10":{"start":{"line":25,"column":8},"end":{"line":25,"column":54}},"11":{"start":{"line":27,"column":4},"end":{"line":29,"column":null}},"12":{"start":{"line":28,"column":8},"end":{"line":28,"column":null}},"13":{"start":{"line":31,"column":4},"end":{"line":41,"column":null}},"14":{"start":{"line":32,"column":8},"end":{"line":40,"column":null}},"15":{"start":{"line":43,"column":4},"end":{"line":50,"column":null}},"16":{"start":{"line":44,"column":8},"end":{"line":44,"column":32}},"17":{"start":{"line":45,"column":8},"end":{"line":45,"column":null}},"18":{"start":{"line":46,"column":8},"end":{"line":48,"column":null}},"19":{"start":{"line":47,"column":12},"end":{"line":47,"column":null}},"20":{"start":{"line":49,"column":8},"end":{"line":49,"column":null}},"21":{"start":{"line":51,"column":0},"end":{"line":51,"column":null}},"22":{"start":{"line":9,"column":13},"end":{"line":9,"column":20}}},"fnMap":{"0":{"name":"(anonymous_0)","decl":{"start":{"line":9,"column":0},"end":{"line":9,"column":13}},"loc":{"start":{"line":9,"column":0},"end":{"line":51,"column":null}}},"1":{"name":"Contact","decl":{"start":{"line":16,"column":4},"end":{"line":16,"column":16}},"loc":{"start":{"line":16,"column":60},"end":{"line":26,"column":5}}},"2":{"name":"(anonymous_2)","decl":{"start":{"line":27,"column":4},"end":{"line":27,"column":20}},"loc":{"start":{"line":27,"column":4},"end":{"line":29,"column":5}}},"3":{"name":"(anonymous_3)","decl":{"start":{"line":31,"column":4},"end":{"line":31,"column":8}},"loc":{"start":{"line":31,"column":4},"end":{"line":41,"column":5}}},"4":{"name":"(anonymous_4)","decl":{"start":{"line":43,"column":4},"end":{"line":43,"column":10}},"loc":{"start":{"line":43,"column":51},"end":{"line":50,"column":5}}}},"branchMap":{"0":{"loc":{"start":{"line":46,"column":8},"end":{"line":48,"column":null}},"type":"if","locations":[{"start":{"line":46,"column":8},"end":{"line":48,"column":null}},{"start":{"line":46,"column":8},"end":{"line":48,"column":null}}]}},"s":{"0":4,"1":4,"2":4,"3":34,"4":33,"5":32,"6":30,"7":30,"8":30,"9":30,"10":30,"11":4,"12":8,"13":4,"14":0,"15":4,"16":8,"17":8,"18":5,"19":2,"20":4,"21":4,"22":4},"f":{"0":4,"1":34,"2":8,"3":0,"4":8},"b":{"0":[2,3]}}
,"/Users/piotr/Desktop/oop/ts_oop/adressBook/src/components/GroupContact/GroupContact.ts": {"path":"/Users/piotr/Desktop/oop/ts_oop/adressBook/src/components/GroupContact/GroupContact.ts","statementMap":{"0":{"start":{"line":1,"column":0},"end":{"line":1,"column":null}},"1":{"start":{"line":4,"column":0},"end":{"line":4,"column":51}},"2":{"start":{"line":9,"column":0},"end":{"line":9,"column":13}},"3":{"start":{"line":15,"column":8},"end":{"line":15,"column":43}},"4":{"start":{"line":16,"column":8},"end":{"line":16,"column":29}},"5":{"start":{"line":17,"column":8},"end":{"line":17,"column":30}},"6":{"start":{"line":18,"column":8},"end":{"line":18,"column":null}},"7":{"start":{"line":20,"column":4},"end":{"line":23,"column":null}},"8":{"start":{"line":21,"column":8},"end":{"line":21,"column":43}},"9":{"start":{"line":22,"column":8},"end":{"line":22,"column":30}},"10":{"start":{"line":25,"column":4},"end":{"line":33,"column":null}},"11":{"start":{"line":25,"column":4},"end":{"line":25,"column":15}},"12":{"start":{"line":25,"column":16},"end":{"line":25,"column":51}},"13":{"start":{"line":26,"column":8},"end":{"line":26,"column":null}},"14":{"start":{"line":26,"column":42},"end":{"line":26,"column":null}},"15":{"start":{"line":27,"column":8},"end":{"line":32,"column":null}},"16":{"start":{"line":28,"column":43},"end":{"line":28,"column":112}},"17":{"start":{"line":28,"column":78},"end":{"line":28,"column":112}},"18":{"start":{"line":29,"column":12},"end":{"line":31,"column":null}},"19":{"start":{"line":30,"column":16},"end":{"line":30,"column":null}},"20":{"start":{"line":35,"column":4},"end":{"line":54,"column":null}},"21":{"start":{"line":35,"column":4},"end":{"line":35,"column":18}},"22":{"start":{"line":35,"column":19},"end":{"line":35,"column":54}},"23":{"start":{"line":44,"column":8},"end":{"line":44,"column":null}},"24":{"start":{"line":44,"column":42},"end":{"line":44,"column":null}},"25":{"start":{"line":45,"column":8},"end":{"line":51,"column":null}},"26":{"start":{"line":46,"column":32},"end":{"line":46,"column":107}},"27":{"start":{"line":46,"column":72},"end":{"line":46,"column":107}},"28":{"start":{"line":47,"column":12},"end":{"line":49,"column":null}},"29":{"start":{"line":48,"column":16},"end":{"line":48,"column":null}},"30":{"start":{"line":50,"column":12},"end":{"line":50,"column":49}},"31":{"start":{"line":57,"column":0},"end":{"line":57,"column":null}},"32":{"start":{"line":9,"column":13},"end":{"line":9,"column":25}}},"fnMap":{"0":{"name":"(anonymous_0)","decl":{"start":{"line":9,"column":0},"end":{"line":9,"column":13}},"loc":{"start":{"line":9,"column":0},"end":{"line":57,"column":null}}},"1":{"name":"GroupContact","decl":{"start":{"line":14,"column":4},"end":{"line":14,"column":16}},"loc":{"start":{"line":14,"column":33},"end":{"line":19,"column":5}}},"2":{"name":"(anonymous_2)","decl":{"start":{"line":20,"column":4},"end":{"line":20,"column":19}},"loc":{"start":{"line":20,"column":37},"end":{"line":23,"column":5}}},"3":{"name":"(anonymous_3)","decl":{"start":{"line":25,"column":4},"end":{"line":25,"column":15}},"loc":{"start":{"line":25,"column":4},"end":{"line":33,"column":5}}},"4":{"name":"(anonymous_4)","decl":{"start":{"line":27,"column":32},"end":{"line":27,"column":39}},"loc":{"start":{"line":27,"column":39},"end":{"line":32,"column":9}}},"5":{"name":"(anonymous_5)","decl":{"start":{"line":28,"column":63},"end":{"line":28,"column":74}},"loc":{"start":{"line":28,"column":74},"end":{"line":28,"column":89}}},"6":{"name":"(anonymous_6)","decl":{"start":{"line":35,"column":4},"end":{"line":35,"column":18}},"loc":{"start":{"line":35,"column":4},"end":{"line":54,"column":5}}},"7":{"name":"(anonymous_7)","decl":{"start":{"line":45,"column":32},"end":{"line":45,"column":39}},"loc":{"start":{"line":45,"column":39},"end":{"line":51,"column":9}}},"8":{"name":"(anonymous_8)","decl":{"start":{"line":46,"column":56},"end":{"line":46,"column":68}},"loc":{"start":{"line":46,"column":68},"end":{"line":46,"column":84}}}},"branchMap":{"0":{"loc":{"start":{"line":26,"column":8},"end":{"line":26,"column":null}},"type":"if","locations":[{"start":{"line":26,"column":8},"end":{"line":26,"column":null}},{"start":{"line":26,"column":8},"end":{"line":26,"column":null}}]},"1":{"loc":{"start":{"line":29,"column":12},"end":{"line":31,"column":null}},"type":"if","locations":[{"start":{"line":29,"column":12},"end":{"line":31,"column":null}},{"start":{"line":29,"column":12},"end":{"line":31,"column":null}}]},"2":{"loc":{"start":{"line":44,"column":8},"end":{"line":44,"column":null}},"type":"if","locations":[{"start":{"line":44,"column":8},"end":{"line":44,"column":null}},{"start":{"line":44,"column":8},"end":{"line":44,"column":null}}]},"3":{"loc":{"start":{"line":47,"column":12},"end":{"line":49,"column":null}},"type":"if","locations":[{"start":{"line":47,"column":12},"end":{"line":49,"column":null}},{"start":{"line":47,"column":12},"end":{"line":49,"column":null}}]}},"s":{"0":3,"1":3,"2":3,"3":18,"4":18,"5":18,"6":18,"7":3,"8":1,"9":1,"10":3,"11":7,"12":23,"13":7,"14":1,"15":6,"16":9,"17":5,"18":9,"19":6,"20":3,"21":4,"22":12,"23":4,"24":1,"25":3,"26":4,"27":4,"28":4,"29":1,"30":3,"31":3,"32":3},"f":{"0":3,"1":18,"2":1,"3":7,"4":9,"5":5,"6":4,"7":4,"8":4},"b":{"0":[1,6],"1":[6,3],"2":[1,3],"3":[1,3]}}
,"/Users/piotr/Desktop/oop/ts_oop/adressBook/src/components/Validator/Validator.ts": {"path":"/Users/piotr/Desktop/oop/ts_oop/adressBook/src/components/Validator/Validator.ts","statementMap":{"0":{"start":{"line":1,"column":0},"end":{"line":1,"column":13}},"1":{"start":{"line":4,"column":11},"end":{"line":6,"column":null}},"2":{"start":{"line":5,"column":8},"end":{"line":5,"column":null}},"3":{"start":{"line":5,"column":42},"end":{"line":5,"column":null}},"4":{"start":{"line":8,"column":11},"end":{"line":12,"column":6}},"5":{"start":{"line":9,"column":8},"end":{"line":9,"column":78}},"6":{"start":{"line":9,"column":32},"end":{"line":9,"column":78}},"7":{"start":{"line":10,"column":27},"end":{"line":10,"column":182}},"8":{"start":{"line":11,"column":8},"end":{"line":11,"column":null}},"9":{"start":{"line":11,"column":29},"end":{"line":11,"column":null}},"10":{"start":{"line":13,"column":0},"end":{"line":13,"column":2}},"11":{"start":{"line":1,"column":13},"end":{"line":1,"column":22}}},"fnMap":{"0":{"name":"(anonymous_0)","decl":{"start":{"line":1,"column":0},"end":{"line":1,"column":13}},"loc":{"start":{"line":1,"column":0},"end":{"line":13,"column":1}}},"1":{"name":"(anonymous_2)","decl":{"start":{"line":4,"column":4},"end":{"line":4,"column":11}},"loc":{"start":{"line":4,"column":48},"end":{"line":6,"column":5}}},"2":{"name":"(anonymous_3)","decl":{"start":{"line":8,"column":4},"end":{"line":8,"column":11}},"loc":{"start":{"line":8,"column":37},"end":{"line":12,"column":5}}}},"branchMap":{"0":{"loc":{"start":{"line":5,"column":8},"end":{"line":5,"column":null}},"type":"if","locations":[{"start":{"line":5,"column":8},"end":{"line":5,"column":null}},{"start":{"line":5,"column":8},"end":{"line":5,"column":null}}]},"1":{"loc":{"start":{"line":9,"column":8},"end":{"line":9,"column":78}},"type":"if","locations":[{"start":{"line":9,"column":8},"end":{"line":9,"column":78}},{"start":{"line":9,"column":8},"end":{"line":9,"column":78}}]},"2":{"loc":{"start":{"line":11,"column":8},"end":{"line":11,"column":null}},"type":"if","locations":[{"start":{"line":11,"column":8},"end":{"line":11,"column":null}},{"start":{"line":11,"column":8},"end":{"line":11,"column":null}}]}},"s":{"0":5,"1":5,"2":103,"3":6,"4":5,"5":38,"6":1,"7":37,"8":37,"9":5,"10":5,"11":5},"f":{"0":5,"1":103,"2":38},"b":{"0":[6,97],"1":[1,37],"2":[5,32]}}
}
