TN:
SF:src/components/Validator.ts
FN:1,(anonymous_0)
FN:2,(anonymous_2)
FN:6,(anonymous_3)
FNF:3
FNH:3
FNDA:3,(anonymous_0)
FNDA:57,(anonymous_2)
FNDA:21,(anonymous_3)
DA:1,3
DA:2,3
DA:3,57
DA:6,3
DA:8,21
DA:9,21
DA:11,3
LF:7
LH:7
BRDA:3,0,0,0
BRDA:3,0,1,57
BRDA:9,1,0,0
BRDA:9,1,1,21
BRF:4
BRH:2
end_of_record
TN:
SF:src/components/AddressBook/AddressBook.ts
FN:10,(anonymous_0)
FN:13,AddressBook
FN:18,(anonymous_2)
FN:20,(anonymous_3)
FN:21,(anonymous_4)
FN:30,(anonymous_5)
FN:31,(anonymous_6)
FN:39,(anonymous_7)
FN:40,(anonymous_8)
FN:42,(anonymous_9)
FN:47,(anonymous_10)
FN:49,(anonymous_11)
FN:54,(anonymous_12)
FN:56,(anonymous_13)
FN:57,(anonymous_14)
FN:60,(anonymous_15)
FN:64,(anonymous_16)
FN:65,(anonymous_17)
FN:70,(anonymous_18)
FN:72,(anonymous_19)
FN:84,(anonymous_20)
FN:86,(anonymous_21)
FNF:22
FNH:18
FNDA:1,(anonymous_0)
FNDA:12,AddressBook
FNDA:9,(anonymous_2)
FNDA:10,(anonymous_3)
FNDA:3,(anonymous_4)
FNDA:6,(anonymous_5)
FNDA:2,(anonymous_6)
FNDA:4,(anonymous_7)
FNDA:1,(anonymous_8)
FNDA:1,(anonymous_9)
FNDA:1,(anonymous_10)
FNDA:0,(anonymous_11)
FNDA:1,(anonymous_12)
FNDA:2,(anonymous_13)
FNDA:2,(anonymous_14)
FNDA:0,(anonymous_15)
FNDA:2,(anonymous_16)
FNDA:2,(anonymous_17)
FNDA:3,(anonymous_18)
FNDA:3,(anonymous_19)
FNDA:0,(anonymous_20)
FNDA:0,(anonymous_21)
DA:5,1
DA:10,1
DA:14,12
DA:15,12
DA:18,28
DA:19,9
DA:20,8
DA:21,10
DA:22,10
DA:23,1
DA:25,9
DA:30,1
DA:31,6
DA:32,6
DA:33,1
DA:35,5
DA:39,1
DA:40,4
DA:41,4
DA:42,3
DA:43,3
DA:44,3
DA:47,1
DA:48,1
DA:49,0
DA:50,0
DA:54,4
DA:55,1
DA:56,1
DA:57,2
DA:58,2
DA:59,2
DA:60,2
DA:64,1
DA:65,2
DA:66,2
DA:67,2
DA:70,1
DA:71,3
DA:72,3
DA:73,3
DA:74,3
DA:75,1
DA:76,2
DA:77,1
DA:79,1
DA:80,1
DA:84,1
DA:85,0
DA:86,0
DA:87,0
DA:88,0
DA:91,1
LF:53
LH:47
BRDA:19,0,0,1
BRDA:19,0,1,8
BRDA:22,1,0,1
BRDA:22,1,1,9
BRDA:32,2,0,1
BRDA:32,2,1,5
BRDA:41,3,0,1
BRDA:41,3,1,3
BRDA:43,4,0,0
BRDA:43,4,1,3
BRDA:48,5,0,1
BRDA:48,5,1,0
BRDA:55,6,0,0
BRDA:55,6,1,1
BRDA:58,7,0,0
BRDA:58,7,1,2
BRDA:66,8,0,0
BRDA:66,8,1,2
BRDA:73,9,0,0
BRDA:73,9,1,3
BRDA:74,10,0,1
BRDA:74,10,1,2
BRDA:76,11,0,1
BRDA:76,11,1,1
BRDA:87,12,0,0
BRDA:87,12,1,0
BRF:26
BRH:18
end_of_record
TN:
SF:src/components/Contact/Contact.ts
FN:9,(anonymous_0)
FN:16,Contact
FN:27,(anonymous_2)
FN:31,(anonymous_3)
FN:43,(anonymous_4)
FNF:5
FNH:3
FNDA:3,(anonymous_0)
FNDA:19,Contact
FNDA:0,(anonymous_2)
FNDA:0,(anonymous_3)
FNDA:3,(anonymous_4)
DA:1,3
DA:6,3
DA:9,3
DA:17,19
DA:18,19
DA:19,19
DA:21,19
DA:22,19
DA:23,19
DA:24,19
DA:25,19
DA:27,3
DA:28,0
DA:31,3
DA:32,0
DA:43,3
DA:44,3
DA:45,3
DA:46,1
DA:48,3
DA:50,3
LF:21
LH:19
BRDA:45,0,0,1
BRDA:45,0,1,2
BRF:2
BRH:2
end_of_record
TN:
SF:src/components/GroupContact/GroupContact.ts
FN:10,(anonymous_0)
FN:15,GroupContact
FN:21,(anonymous_2)
FN:26,(anonymous_3)
FN:28,(anonymous_4)
FN:29,(anonymous_5)
FN:36,(anonymous_6)
FN:46,(anonymous_7)
FN:47,(anonymous_8)
FNF:9
FNH:9
FNDA:2,(anonymous_0)
FNDA:12,GroupContact
FNDA:1,(anonymous_2)
FNDA:7,(anonymous_3)
FNDA:9,(anonymous_4)
FNDA:5,(anonymous_5)
FNDA:4,(anonymous_6)
FNDA:4,(anonymous_7)
FNDA:4,(anonymous_8)
DA:1,2
DA:4,2
DA:10,2
DA:16,12
DA:17,12
DA:18,12
DA:19,12
DA:21,2
DA:22,1
DA:23,1
DA:26,23
DA:27,7
DA:28,6
DA:29,9
DA:30,9
DA:31,6
DA:36,12
DA:45,4
DA:46,3
DA:47,4
DA:48,4
DA:49,1
DA:51,3
DA:58,2
LF:24
LH:24
BRDA:27,0,0,1
BRDA:27,0,1,6
BRDA:30,1,0,6
BRDA:30,1,1,3
BRDA:45,2,0,1
BRDA:45,2,1,3
BRDA:48,3,0,1
BRDA:48,3,1,3
BRF:8
BRH:8
end_of_record
