TN:
SF:src/components/AddressBook/AddressBook.ts
FN:10,(anonymous_0)
FN:13,AddressBook
FN:18,(anonymous_2)
FN:20,(anonymous_3)
FN:21,(anonymous_4)
FN:30,(anonymous_5)
FN:31,(anonymous_6)
FN:38,(anonymous_7)
FN:39,(anonymous_8)
FN:41,(anonymous_9)
FN:46,(anonymous_10)
FN:48,(anonymous_11)
FN:53,(anonymous_12)
FN:55,(anonymous_13)
FN:56,(anonymous_14)
FN:59,(anonymous_15)
FN:63,(anonymous_16)
FN:64,(anonymous_17)
FN:69,(anonymous_18)
FN:71,(anonymous_19)
FN:83,(anonymous_20)
FN:85,(anonymous_21)
FNF:22
FNH:21
FNDA:2,(anonymous_0)
FNDA:18,AddressBook
FNDA:12,(anonymous_2)
FNDA:15,(anonymous_3)
FNDA:6,(anonymous_4)
FNDA:9,(anonymous_5)
FNDA:2,(anonymous_6)
FNDA:9,(anonymous_7)
FNDA:6,(anonymous_8)
FNDA:5,(anonymous_9)
FNDA:1,(anonymous_10)
FNDA:0,(anonymous_11)
FNDA:4,(anonymous_12)
FNDA:4,(anonymous_13)
FNDA:5,(anonymous_14)
FNDA:1,(anonymous_15)
FNDA:4,(anonymous_16)
FNDA:4,(anonymous_17)
FNDA:5,(anonymous_18)
FNDA:5,(anonymous_19)
FNDA:3,(anonymous_20)
FNDA:3,(anonymous_21)
DA:5,2
DA:10,2
DA:14,18
DA:15,18
DA:18,39
DA:19,12
DA:20,11
DA:21,15
DA:22,15
DA:23,1
DA:25,14
DA:30,2
DA:31,9
DA:32,9
DA:33,1
DA:35,8
DA:38,2
DA:39,9
DA:40,9
DA:41,9
DA:42,9
DA:43,8
DA:46,2
DA:47,1
DA:48,0
DA:49,0
DA:53,12
DA:54,4
DA:55,3
DA:56,5
DA:57,4
DA:58,3
DA:59,3
DA:63,2
DA:64,4
DA:65,4
DA:66,3
DA:69,2
DA:70,5
DA:71,5
DA:72,5
DA:73,4
DA:74,2
DA:75,2
DA:76,1
DA:78,1
DA:79,1
DA:83,2
DA:84,3
DA:85,3
DA:86,3
DA:87,2
DA:90,2
LF:53
LH:51
BRDA:19,0,0,1
BRDA:19,0,1,11
BRDA:22,1,0,1
BRDA:22,1,1,14
BRDA:32,2,0,1
BRDA:32,2,1,8
BRDA:40,3,0,3
BRDA:40,3,1,6
BRDA:42,4,0,1
BRDA:42,4,1,8
BRDA:47,5,0,1
BRDA:47,5,1,0
BRDA:54,6,0,1
BRDA:54,6,1,3
BRDA:57,7,0,1
BRDA:57,7,1,3
BRDA:65,8,0,1
BRDA:65,8,1,3
BRDA:72,9,0,1
BRDA:72,9,1,4
BRDA:73,10,0,2
BRDA:73,10,1,2
BRDA:75,11,0,1
BRDA:75,11,1,1
BRDA:86,12,0,1
BRDA:86,12,1,2
BRF:26
BRH:25
end_of_record
TN:
SF:src/components/Contact/Contact.ts
FN:9,(anonymous_0)
FN:16,Contact
FN:27,(anonymous_2)
FN:31,(anonymous_3)
FN:43,(anonymous_4)
FNF:5
FNH:4
FNDA:4,(anonymous_0)
FNDA:34,Contact
FNDA:8,(anonymous_2)
FNDA:0,(anonymous_3)
FNDA:8,(anonymous_4)
DA:1,4
DA:6,4
DA:9,4
DA:17,34
DA:18,33
DA:19,32
DA:21,30
DA:22,30
DA:23,30
DA:24,30
DA:25,30
DA:27,4
DA:28,8
DA:31,4
DA:32,0
DA:43,4
DA:44,8
DA:45,8
DA:46,5
DA:47,2
DA:49,4
DA:51,4
LF:22
LH:21
BRDA:46,0,0,2
BRDA:46,0,1,3
BRF:2
BRH:2
end_of_record
TN:
SF:src/components/GroupContact/GroupContact.ts
FN:9,(anonymous_0)
FN:14,GroupContact
FN:20,(anonymous_2)
FN:25,(anonymous_3)
FN:27,(anonymous_4)
FN:28,(anonymous_5)
FN:35,(anonymous_6)
FN:45,(anonymous_7)
FN:46,(anonymous_8)
FNF:9
FNH:9
FNDA:3,(anonymous_0)
FNDA:18,GroupContact
FNDA:1,(anonymous_2)
FNDA:7,(anonymous_3)
FNDA:9,(anonymous_4)
FNDA:5,(anonymous_5)
FNDA:4,(anonymous_6)
FNDA:4,(anonymous_7)
FNDA:4,(anonymous_8)
DA:1,3
DA:4,3
DA:9,3
DA:15,18
DA:16,18
DA:17,18
DA:18,18
DA:20,3
DA:21,1
DA:22,1
DA:25,23
DA:26,7
DA:27,6
DA:28,9
DA:29,9
DA:30,6
DA:35,12
DA:44,4
DA:45,3
DA:46,4
DA:47,4
DA:48,1
DA:50,3
DA:57,3
LF:24
LH:24
BRDA:26,0,0,1
BRDA:26,0,1,6
BRDA:29,1,0,6
BRDA:29,1,1,3
BRDA:44,2,0,1
BRDA:44,2,1,3
BRDA:47,3,0,1
BRDA:47,3,1,3
BRF:8
BRH:8
end_of_record
TN:
SF:src/components/Validator/Validator.ts
FN:1,(anonymous_0)
FN:4,(anonymous_2)
FN:8,(anonymous_3)
FNF:3
FNH:3
FNDA:5,(anonymous_0)
FNDA:103,(anonymous_2)
FNDA:38,(anonymous_3)
DA:1,5
DA:4,5
DA:5,103
DA:8,5
DA:9,38
DA:10,37
DA:11,37
DA:13,5
LF:8
LH:8
BRDA:5,0,0,6
BRDA:5,0,1,97
BRDA:9,1,0,1
BRDA:9,1,1,37
BRDA:11,2,0,5
BRDA:11,2,1,32
BRF:6
BRH:6
end_of_record
